<?xml version="1.0" encoding="UTF-8"?>
<!-- Generated by org.testng.reporters.JUnitReportReporter -->
<testsuite skipped="0" hostname="RAJNI" name="cucumberoptions.Testrunner" tests="1" failures="0" timestamp="2020-12-25T19:39:14 IST" time="12.387" errors="0">
  <testcase name="feature" time="12.387" classname="cucumberoptions.Testrunner"/>
  <system-out/>
</testsuite> <!-- cucumberoptions.Testrunner -->
